<?xml version="1.0" encoding="UTF-8"?>
<testng-results ignored="0" total="1" passed="1" failed="0" skipped="0">
  <reporter-output>
  </reporter-output>
  <suite started-at="2021-12-13T15:15:43 IST" name="Default suite" finished-at="2021-12-13T15:15:43 IST" duration-ms="126">
    <groups>
    </groups>
    <test started-at="2021-12-13T15:15:43 IST" name="Default test" finished-at="2021-12-13T15:15:43 IST" duration-ms="126">
      <class name="com.crm.SDET26.SmokeTest">
        <test-method signature="show()[pri:0, instance:com.crm.SDET26.SmokeTest@6a84a97d]" started-at="2021-12-13T15:15:43 IST" name="show" finished-at="2021-12-13T15:15:43 IST" duration-ms="26" status="PASS">
          <reporter-output>
          </reporter-output>
        </test-method> <!-- show -->
      </class> <!-- com.crm.SDET26.SmokeTest -->
    </test> <!-- Default test -->
  </suite> <!-- Default suite -->
</testng-results>
